0 info it worked if it ends with ok
1 verbose cli [ '/usr/bin/node', '/usr/bin/npm', 'install', '-g', 'bower' ]
2 info using npm@1.4.28
3 info using node@v0.10.35
4 verbose node symlink /usr/bin/node
5 verbose cache add [ 'bower', null ]
6 verbose cache add name=undefined spec="bower" args=["bower",null]
7 verbose parsed url { protocol: null,
7 verbose parsed url   slashes: null,
7 verbose parsed url   auth: null,
7 verbose parsed url   host: null,
7 verbose parsed url   port: null,
7 verbose parsed url   hostname: null,
7 verbose parsed url   hash: null,
7 verbose parsed url   search: null,
7 verbose parsed url   query: null,
7 verbose parsed url   pathname: 'bower',
7 verbose parsed url   path: 'bower',
7 verbose parsed url   href: 'bower' }
8 silly lockFile 206e3ce5-bower bower
9 verbose lock bower /home/nlmm01/.npm/206e3ce5-bower.lock
10 silly lockFile 206e3ce5-bower bower
11 silly lockFile 206e3ce5-bower bower
12 verbose addNamed [ 'bower', '' ]
13 verbose addNamed [ null, '*' ]
14 silly lockFile 1240aab1-bower bower@
15 verbose lock bower@ /home/nlmm01/.npm/1240aab1-bower.lock
16 silly addNameRange { name: 'bower', range: '*', hasData: false }
17 verbose request where is /bower
18 verbose request registry https://registry.npmjs.org/
19 verbose request id 7ca6b7619c1701ed
20 verbose url raw /bower
21 verbose url resolving [ 'https://registry.npmjs.org/', './bower' ]
22 verbose url resolved https://registry.npmjs.org/bower
23 verbose request where is https://registry.npmjs.org/bower
24 info trying registry request attempt 1 at 23:54:42
25 verbose etag "9PCHH0UPT9UDLLGUIDIF9EXWP"
26 http GET https://registry.npmjs.org/bower
27 http 200 https://registry.npmjs.org/bower
28 silly registry.get cb [ 200,
28 silly registry.get   { date: 'Thu, 05 Feb 2015 18:24:43 GMT',
28 silly registry.get     server: 'CouchDB/1.5.0 (Erlang OTP/R16B03)',
28 silly registry.get     etag: '"6OAFNDTO60JUDVGAYVJTWW4WF"',
28 silly registry.get     'content-type': 'application/json',
28 silly registry.get     'cache-control': 'max-age=60',
28 silly registry.get     'content-length': '106287',
28 silly registry.get     'accept-ranges': 'bytes',
28 silly registry.get     via: '1.1 varnish',
28 silly registry.get     age: '44',
28 silly registry.get     'x-served-by': 'cache-lax1422-LAX',
28 silly registry.get     'x-cache': 'HIT',
28 silly registry.get     'x-cache-hits': '1',
28 silly registry.get     'x-timer': 'S1423160683.813225,VS0,VE0',
28 silly registry.get     vary: 'Accept',
28 silly registry.get     'keep-alive': 'timeout=10, max=50',
28 silly registry.get     connection: 'Keep-Alive' } ]
29 silly addNameRange number 2 { name: 'bower', range: '*', hasData: true }
30 silly addNameRange versions [ 'bower',
30 silly addNameRange   [ '0.1.0',
30 silly addNameRange     '0.1.2',
30 silly addNameRange     '0.1.3',
30 silly addNameRange     '0.2.0',
30 silly addNameRange     '0.3.0',
30 silly addNameRange     '0.3.1',
30 silly addNameRange     '0.3.2',
30 silly addNameRange     '0.4.0',
30 silly addNameRange     '0.5.0',
30 silly addNameRange     '0.5.1',
30 silly addNameRange     '0.6.0',
30 silly addNameRange     '0.6.1',
30 silly addNameRange     '0.6.2',
30 silly addNameRange     '0.6.3',
30 silly addNameRange     '0.6.4',
30 silly addNameRange     '0.6.5',
30 silly addNameRange     '0.6.6',
30 silly addNameRange     '0.6.7',
30 silly addNameRange     '0.6.8',
30 silly addNameRange     '0.7.0',
30 silly addNameRange     '0.7.1',
30 silly addNameRange     '0.8.0',
30 silly addNameRange     '0.8.1',
30 silly addNameRange     '0.8.2',
30 silly addNameRange     '0.8.3',
30 silly addNameRange     '0.8.4',
30 silly addNameRange     '0.8.5',
30 silly addNameRange     '0.8.6',
30 silly addNameRange     '0.9.0',
30 silly addNameRange     '0.9.1',
30 silly addNameRange     '0.9.2',
30 silly addNameRange     '0.10.0',
30 silly addNameRange     '1.0.0',
30 silly addNameRange     '1.0.1',
30 silly addNameRange     '1.0.2',
30 silly addNameRange     '1.0.3',
30 silly addNameRange     '1.1.0',
30 silly addNameRange     '1.1.1',
30 silly addNameRange     '1.1.2',
30 silly addNameRange     '1.2.0',
30 silly addNameRange     '1.2.1',
30 silly addNameRange     '1.2.2',
30 silly addNameRange     '1.2.3',
30 silly addNameRange     '1.2.4',
30 silly addNameRange     '1.2.5',
30 silly addNameRange     '1.2.6',
30 silly addNameRange     '1.2.7',
30 silly addNameRange     '1.2.8',
30 silly addNameRange     '1.3.0',
30 silly addNameRange     '1.3.1',
30 silly addNameRange     '1.3.2',
30 silly addNameRange     '1.3.3',
30 silly addNameRange     '1.3.4',
30 silly addNameRange     '1.3.5',
30 silly addNameRange     '1.3.6',
30 silly addNameRange     '1.3.7',
30 silly addNameRange     '1.3.8',
30 silly addNameRange     '1.3.9',
30 silly addNameRange     '1.3.10',
30 silly addNameRange     '1.3.11',
30 silly addNameRange     '1.3.12' ] ]
31 verbose addNamed [ 'bower', '1.3.12' ]
32 verbose addNamed [ '1.3.12', '1.3.12' ]
33 silly lockFile 9819431c-bower-1-3-12 bower@1.3.12
34 verbose lock bower@1.3.12 /home/nlmm01/.npm/9819431c-bower-1-3-12.lock
35 silly lockFile b05fd70b-npmjs-org-bower-bower-1-3-12-tgz https://registry.npmjs.org/bower/-/bower-1.3.12.tgz
36 verbose lock https://registry.npmjs.org/bower/-/bower-1.3.12.tgz /home/nlmm01/.npm/b05fd70b-npmjs-org-bower-bower-1-3-12-tgz.lock
37 verbose addRemoteTarball [ 'https://registry.npmjs.org/bower/-/bower-1.3.12.tgz',
37 verbose addRemoteTarball   '37de0edb3904baf90aee13384a1a379a05ee214c' ]
38 info retry fetch attempt 1 at 23:54:44
39 verbose fetch to= /tmp/npm-19592-isq_ygC9/registry.npmjs.org/bower/-/bower-1.3.12.tgz
40 http GET https://registry.npmjs.org/bower/-/bower-1.3.12.tgz
41 http 200 https://registry.npmjs.org/bower/-/bower-1.3.12.tgz
42 silly lockFile b05fd70b-npmjs-org-bower-bower-1-3-12-tgz https://registry.npmjs.org/bower/-/bower-1.3.12.tgz
43 silly lockFile b05fd70b-npmjs-org-bower-bower-1-3-12-tgz https://registry.npmjs.org/bower/-/bower-1.3.12.tgz
44 silly lockFile 9819431c-bower-1-3-12 bower@1.3.12
45 silly lockFile 9819431c-bower-1-3-12 bower@1.3.12
46 silly lockFile 1240aab1-bower bower@
47 silly lockFile 1240aab1-bower bower@
48 silly resolved [ { name: 'bower',
48 silly resolved     version: '1.3.12',
48 silly resolved     description: 'The browser package manager',
48 silly resolved     author: { name: 'Twitter' },
48 silly resolved     licenses: [ [Object] ],
48 silly resolved     repository: { type: 'git', url: 'https://github.com/bower/bower' },
48 silly resolved     main: 'lib',
48 silly resolved     homepage: 'http://bower.io',
48 silly resolved     engines: { node: '>=0.10.0' },
48 silly resolved     dependencies:
48 silly resolved      { abbrev: '~1.0.4',
48 silly resolved        archy: '0.0.2',
48 silly resolved        'bower-config': '~0.5.2',
48 silly resolved        'bower-endpoint-parser': '~0.2.2',
48 silly resolved        'bower-json': '~0.4.0',
48 silly resolved        'bower-logger': '~0.2.2',
48 silly resolved        'bower-registry-client': '~0.2.0',
48 silly resolved        cardinal: '0.4.0',
48 silly resolved        chalk: '0.5.0',
48 silly resolved        chmodr: '0.1.0',
48 silly resolved        'decompress-zip': '0.0.8',
48 silly resolved        fstream: '~1.0.2',
48 silly resolved        'fstream-ignore': '~1.0.1',
48 silly resolved        glob: '~4.0.2',
48 silly resolved        'graceful-fs': '~3.0.1',
48 silly resolved        handlebars: '~2.0.0',
48 silly resolved        inquirer: '0.7.1',
48 silly resolved        insight: '0.4.3',
48 silly resolved        'is-root': '~1.0.0',
48 silly resolved        junk: '~1.0.0',
48 silly resolved        lockfile: '~1.0.0',
48 silly resolved        'lru-cache': '~2.5.0',
48 silly resolved        mkdirp: '0.5.0',
48 silly resolved        mout: '~0.9.0',
48 silly resolved        nopt: '~3.0.0',
48 silly resolved        opn: '~1.0.0',
48 silly resolved        osenv: '0.1.0',
48 silly resolved        'p-throttler': '0.1.0',
48 silly resolved        promptly: '0.2.0',
48 silly resolved        q: '~1.0.1',
48 silly resolved        request: '~2.42.0',
48 silly resolved        'request-progress': '0.3.0',
48 silly resolved        retry: '0.6.0',
48 silly resolved        rimraf: '~2.2.0',
48 silly resolved        semver: '~2.3.0',
48 silly resolved        'shell-quote': '~1.4.1',
48 silly resolved        'stringify-object': '~1.0.0',
48 silly resolved        'tar-fs': '0.5.2',
48 silly resolved        tmp: '0.0.23',
48 silly resolved        'update-notifier': '0.2.0',
48 silly resolved        which: '~1.0.5' },
48 silly resolved     devDependencies:
48 silly resolved      { coveralls: '~2.11.0',
48 silly resolved        'expect.js': '~0.3.1',
48 silly resolved        grunt: '~0.4.4',
48 silly resolved        'grunt-cli': '^0.1.13',
48 silly resolved        'grunt-contrib-jshint': '~0.10.0',
48 silly resolved        'grunt-contrib-watch': '~0.6.1',
48 silly resolved        'grunt-exec': '~0.4.2',
48 silly resolved        'grunt-simple-mocha': '~0.4.0',
48 silly resolved        istanbul: '~0.3.2',
48 silly resolved        'load-grunt-tasks': '~0.6.0',
48 silly resolved        mocha: '~1.21.4',
48 silly resolved        nock: '~0.46.0',
48 silly resolved        'node-uuid': '~1.4.1',
48 silly resolved        proxyquire: '~1.0.1' },
48 silly resolved     scripts: { test: 'grunt test' },
48 silly resolved     bin: { bower: 'bin/bower' },
48 silly resolved     preferGlobal: true,
48 silly resolved     gitHead: 'b26c072f0db054a1902ec4d2e3726dbf8a1c799a',
48 silly resolved     bugs: { url: 'https://github.com/bower/bower/issues' },
48 silly resolved     _id: 'bower@1.3.12',
48 silly resolved     _shasum: '37de0edb3904baf90aee13384a1a379a05ee214c',
48 silly resolved     _from: 'bower@',
48 silly resolved     _npmVersion: '2.0.0',
48 silly resolved     _npmUser: { name: 'sheerun', email: 'sheerun@sher.pl' },
48 silly resolved     maintainers: [ [Object], [Object], [Object], [Object], [Object], [Object] ],
48 silly resolved     dist:
48 silly resolved      { shasum: '37de0edb3904baf90aee13384a1a379a05ee214c',
48 silly resolved        tarball: 'http://registry.npmjs.org/bower/-/bower-1.3.12.tgz' },
48 silly resolved     directories: {},
48 silly resolved     _resolved: 'https://registry.npmjs.org/bower/-/bower-1.3.12.tgz' } ]
49 info install bower@1.3.12 into /usr/lib
50 info installOne bower@1.3.12
51 verbose lib/node_modules/bower unbuild
52 verbose tar unpack /home/nlmm01/.npm/bower/1.3.12/package.tgz
53 silly lockFile 6f53a3f9-tar-usr-lib-node-modules-bower tar:///usr/lib/node_modules/bower
54 verbose lock tar:///usr/lib/node_modules/bower /home/nlmm01/.npm/6f53a3f9-tar-usr-lib-node-modules-bower.lock
55 silly lockFile 24b9c9ca-m01-npm-bower-1-3-12-package-tgz tar:///home/nlmm01/.npm/bower/1.3.12/package.tgz
56 verbose lock tar:///home/nlmm01/.npm/bower/1.3.12/package.tgz /home/nlmm01/.npm/24b9c9ca-m01-npm-bower-1-3-12-package-tgz.lock
57 silly gunzTarPerm modes [ '775', '664' ]
58 error Error: EACCES, mkdir '/usr/lib/node_modules/bower'
58 error  { [Error: EACCES, mkdir '/usr/lib/node_modules/bower']
58 error   errno: 3,
58 error   code: 'EACCES',
58 error   path: '/usr/lib/node_modules/bower',
58 error   fstream_type: 'Directory',
58 error   fstream_path: '/usr/lib/node_modules/bower',
58 error   fstream_class: 'DirWriter',
58 error   fstream_stack:
58 error    [ '/usr/lib/node_modules/npm/node_modules/fstream/lib/dir-writer.js:36:23',
58 error      '/usr/lib/node_modules/npm/node_modules/mkdirp/index.js:46:53',
58 error      'Object.oncomplete (fs.js:108:15)' ] }
59 error Please try running this command again as root/Administrator.
60 error System Linux 3.13.0-43-generic
61 error command "/usr/bin/node" "/usr/bin/npm" "install" "-g" "bower"
62 error cwd /var/www/html/betAFriend
63 error node -v v0.10.35
64 error npm -v 1.4.28
65 error path /usr/lib/node_modules/bower
66 error fstream_path /usr/lib/node_modules/bower
67 error fstream_type Directory
68 error fstream_class DirWriter
69 error code EACCES
70 error errno 3
71 error stack Error: EACCES, mkdir '/usr/lib/node_modules/bower'
72 error fstream_stack /usr/lib/node_modules/npm/node_modules/fstream/lib/dir-writer.js:36:23
72 error fstream_stack /usr/lib/node_modules/npm/node_modules/mkdirp/index.js:46:53
72 error fstream_stack Object.oncomplete (fs.js:108:15)
73 verbose exit [ 3, true ]
